[07/21/18 14:37:23] D2BS 10092: D2BS Engine startup complete. 1.5.1869
[07/21/18 17:41:06] D2BS 10092: D2BS Shutdown complete.
[07/21/18 17:45:50] D2BS 2680: D2BS Engine startup complete. 1.5.1869
[07/21/18 17:47:45] D2BS 2680: D2BS Shutdown complete.
[07/21/18 17:48:55] D2BS 5352: D2BS Engine startup complete. 1.5.1869
[07/21/18 17:53:40] D2BS 11052: D2BS Engine startup complete. 1.5.1869
[07/21/18 17:53:50] D2BS 11052: D2BS Shutdown complete.
[07/21/18 17:53:51] D2BS 10200: D2BS Engine startup complete. 1.5.1869
[07/21/18 17:53:55] D2BS 5352: D2BS Shutdown complete.
[07/21/18 18:04:48] D2BS 10200: D2BS Shutdown complete.
[07/21/18 18:05:05] D2BS 13248: D2BS Engine startup complete. 1.5.1869
[07/21/18 18:07:37] D2BS 13248: D2BS Shutdown complete.
[07/21/18 18:33:41] D2BS 9988: D2BS Engine startup complete. 1.5.1869
[07/21/18 18:39:15] D2BS 9988: D2BS Shutdown complete.
[07/21/18 18:53:10] D2BS 11424: D2BS Engine startup complete. 1.5.1869
[07/21/18 18:53:23] D2BS 11424: D2BS Shutdown complete.
[07/21/18 19:09:15] D2BS 6496: D2BS Engine startup complete. 1.5.1869
[07/21/18 19:11:06] D2BS 6496: D2BS Shutdown complete.
[07/21/18 19:11:07] D2BS 6580: D2BS Engine startup complete. 1.5.1869
[07/21/18 19:18:03] D2BS 6580: D2BS Shutdown complete.
[07/21/18 20:22:21] D2BS 5240: D2BS Engine startup complete. 1.5.1869
[07/21/18 20:30:58] D2BS 5240: D2BS Shutdown complete.
[07/21/18 20:31:23] D2BS 11996: D2BS Engine startup complete. 1.5.1869
[07/21/18 20:37:31] D2BS 11996: D2BS Shutdown complete.
[07/21/18 20:41:13] D2BS 6036: D2BS Engine startup complete. 1.5.1869
[07/21/18 20:41:20] D2BS 6036: D2BS Shutdown complete.
[07/21/18 21:52:44] D2BS 8524: D2BS Engine startup complete. 1.5.1869
[07/21/18 21:53:09] D2BS 8524: [Strict Warning] Code(162) File(c:\users\bmatusiak\desktop\d2-dropper\d2bot-with-kolbot-master\d2bs\kolbot\libs\mulelogger.js:104) reference to undefined property unit.guid
Line: (null)
[07/21/18 21:53:52] D2BS 8524: [Strict Warning] Code(162) File(c:\users\bmatusiak\desktop\d2-dropper\d2bot-with-kolbot-master\d2bs\kolbot\libs\mulelogger.js:104) reference to undefined property unit.guid
Line: (null)
[07/21/18 21:54:35] D2BS 8524: [Strict Warning] Code(162) File(c:\users\bmatusiak\desktop\d2-dropper\d2bot-with-kolbot-master\d2bs\kolbot\libs\mulelogger.js:104) reference to undefined property unit.guid
Line: (null)
[07/21/18 21:55:18] D2BS 8524: [Strict Warning] Code(162) File(c:\users\bmatusiak\desktop\d2-dropper\d2bot-with-kolbot-master\d2bs\kolbot\libs\mulelogger.js:104) reference to undefined property unit.guid
Line: (null)
[07/21/18 21:56:02] D2BS 8524: [Strict Warning] Code(162) File(c:\users\bmatusiak\desktop\d2-dropper\d2bot-with-kolbot-master\d2bs\kolbot\libs\mulelogger.js:104) reference to undefined property unit.guid
Line: (null)
[07/21/18 21:56:45] D2BS 8524: [Strict Warning] Code(162) File(c:\users\bmatusiak\desktop\d2-dropper\d2bot-with-kolbot-master\d2bs\kolbot\libs\mulelogger.js:104) reference to undefined property unit.guid
Line: (null)
[07/21/18 21:59:05] D2BS 8524: D2BS Shutdown complete.
[07/21/18 21:59:19] D2BS 12708: D2BS Engine startup complete. 1.5.1869
[07/21/18 22:00:43] D2BS 12708: D2BS Shutdown complete.
[07/21/18 22:01:37] D2BS 8616: D2BS Engine startup complete. 1.5.1869
[07/21/18 22:01:54] D2BS 8616: D2BS Shutdown complete.
[07/21/18 22:02:09] D2BS 10012: D2BS Engine startup complete. 1.5.1869
[07/21/18 22:10:13] D2BS 10012: D2BS Shutdown complete.
[07/21/18 22:10:14] D2BS 5248: D2BS Engine startup complete. 1.5.1869
[07/21/18 22:10:15] D2BS 5248: D2BS Shutdown complete.
[07/21/18 22:22:19] D2BS 10320: D2BS Engine startup complete. 1.5.1869
[07/21/18 22:22:58] D2BS 10320: D2BS Shutdown complete.
[07/21/18 23:05:56] D2BS 1868: D2BS Engine startup complete. 1.5.1869
[07/21/18 23:07:19] D2BS 1868: D2BS Shutdown complete.
[07/21/18 23:07:41] D2BS 9292: D2BS Engine startup complete. 1.5.1869
[07/21/18 23:07:58] D2BS 9292: D2BS Shutdown complete.
[07/21/18 23:07:59] D2BS 8004: D2BS Engine startup complete. 1.5.1869
[07/21/18 23:08:02] D2BS 8004: D2BS Shutdown complete.
[07/21/18 23:08:15] D2BS 8624: D2BS Engine startup complete. 1.5.1869
[07/21/18 23:08:41] D2BS 8624: D2BS Shutdown complete.
[07/21/18 23:09:21] D2BS 11416: D2BS Engine startup complete. 1.5.1869
[07/21/18 23:09:31] D2BS 11416: D2BS Shutdown complete.
[07/21/18 23:09:32] D2BS 8624: D2BS Engine startup complete. 1.5.1869
[07/21/18 23:09:33] D2BS 8624: D2BS Shutdown complete.
[07/21/18 23:10:58] D2BS 12300: D2BS Engine startup complete. 1.5.1869
[07/21/18 23:15:28] D2BS 12300: D2BS Shutdown complete.
[07/22/18 18:13:56] D2BS 3044: D2BS Engine startup complete. 1.5.1869
[07/22/18 18:14:41] D2BS 4596: D2BS Engine startup complete. 1.5.1869
[07/22/18 18:14:42] D2BS 4596: D2BS Shutdown complete.
[07/22/18 18:23:31] D2BS 12388: D2BS Engine startup complete. 1.5.1869
[07/22/18 18:23:34] D2BS 12388: D2BS Shutdown complete.
[07/22/18 20:53:00] D2BS 3340: D2BS Engine startup complete. 1.5.1869
[07/22/18 20:54:41] D2BS 3340: D2BS Shutdown complete.
[07/22/18 20:54:43] D2BS 4248: D2BS Engine startup complete. 1.5.1869
[07/22/18 20:59:39] D2BS 4248: D2BS Shutdown complete.
[07/22/18 20:59:41] D2BS 9764: D2BS Engine startup complete. 1.5.1869
[07/22/18 21:00:17] D2BS 9764: D2BS Shutdown complete.
[07/22/18 21:00:19] D2BS 7760: D2BS Engine startup complete. 1.5.1869
[07/22/18 21:00:37] D2BS 7760: D2BS Shutdown complete.
[07/22/18 21:00:38] D2BS 7924: D2BS Engine startup complete. 1.5.1869
[07/22/18 21:10:55] D2BS 7924: D2BS Shutdown complete.
[07/22/18 21:10:56] D2BS 13572: D2BS Engine startup complete. 1.5.1869
[07/22/18 21:10:58] D2BS 13572: [Error] Code(1) File(c:\users\bmatusiak\desktop\d2-dropper\d2bot-with-kolbot-master\d2bs\kolbot\d2botmap.dbj:48) ReferenceError: gameInfo is not defined
Line: (null)
[07/22/18 21:12:41] D2BS 13572: D2BS Shutdown complete.
[07/22/18 21:12:42] D2BS 9312: D2BS Engine startup complete. 1.5.1869
[07/22/18 21:13:59] D2BS 9312: D2BS Shutdown complete.
[07/22/18 21:14:18] D2BS 2448: D2BS Engine startup complete. 1.5.1869
[07/22/18 21:53:26] D2BS 2448: D2BS Shutdown complete.
[07/24/18 20:58:26] D2BS 9320: D2BS Engine startup complete. 1.5.1869
[07/26/18 07:03:46] D2BS 17496: D2BS Engine startup complete. 1.5.1869
[07/26/18 07:05:27] D2BS 9320: D2BS Shutdown complete.
[07/26/18 07:18:46] D2BS 14708: D2BS Engine startup complete. 1.5.1869
[07/26/18 07:18:51] D2BS 17496: D2BS Shutdown complete.
[07/26/18 07:18:53] D2BS 14708: D2BS Shutdown complete.
[07/26/18 07:18:54] D2BS 15604: D2BS Engine startup complete. 1.5.1869
[07/26/18 07:19:00] D2BS 15604: D2BS Shutdown complete.
[07/26/18 07:21:21] D2BS 8960: D2BS Engine startup complete. 1.5.1869
[07/26/18 07:21:35] D2BS 8960: D2BS Shutdown complete.
[07/26/18 07:22:12] D2BS 11052: D2BS Engine startup complete. 1.5.1869
[07/26/18 07:22:15] D2BS 11052: D2BS Shutdown complete.
[07/26/18 07:22:31] D2BS 17496: D2BS Engine startup complete. 1.5.1869
[07/26/18 07:22:37] D2BS 17496: D2BS Shutdown complete.
[07/26/18 07:38:43] D2BS 19964: D2BS Engine startup complete. 1.5.1869
[07/26/18 07:38:56] D2BS 5744: D2BS Engine startup complete. 1.5.1869
[07/26/18 07:39:02] D2BS 19964: D2BS Shutdown complete.
[07/26/18 07:39:06] D2BS 11652: D2BS Engine startup complete. 1.5.1869
[07/26/18 07:39:08] D2BS 11652: D2BS Shutdown complete.
[07/26/18 07:44:16] D2BS 6248: D2BS Engine startup complete. 1.5.1869
[07/26/18 07:44:18] D2BS 6248: D2BS Shutdown complete.
[07/26/18 07:55:51] D2BS 2512: D2BS Engine startup complete. 1.5.1869
[07/26/18 07:58:52] D2BS 2316: D2BS Engine startup complete. 1.5.1869
[07/26/18 07:59:14] D2BS 8064: D2BS Engine startup complete. 1.5.1869
[07/26/18 08:08:49] D2BS 14060: D2BS Engine startup complete. 1.5.1869
[07/26/18 08:08:54] D2BS 14060: D2BS Shutdown complete.
[07/26/18 08:09:29] D2BS 19472: D2BS Engine startup complete. 1.5.1869
[07/26/18 08:10:05] D2BS 20248: D2BS Engine startup complete. 1.5.1869
[07/26/18 08:10:11] D2BS 20248: D2BS Shutdown complete.
[07/26/18 08:24:44] D2BS 9824: D2BS Engine startup complete. 1.5.1869
[07/26/18 08:29:23] D2BS 1276: D2BS Engine startup complete. 1.5.1869
[07/26/18 08:29:26] D2BS 1276: D2BS Shutdown complete.
[07/26/18 08:36:15] D2BS 9824: D2BS Shutdown complete.
[07/26/18 08:36:15] D2BS 19472: D2BS Shutdown complete.
[07/26/18 08:36:15] D2BS 8064: D2BS Shutdown complete.
[07/26/18 08:36:15] D2BS 2316: D2BS Shutdown complete.
[07/26/18 08:36:16] D2BS 2512: D2BS Shutdown complete.
[07/26/18 08:36:37] D2BS 15604: D2BS Engine startup complete. 1.5.1869
[07/26/18 08:37:33] D2BS 17688: D2BS Engine startup complete. 1.5.1869
[07/26/18 08:37:41] D2BS 17688: D2BS Shutdown complete.
[07/26/18 08:38:04] D2BS 9684: D2BS Engine startup complete. 1.5.1869
[07/26/18 08:38:09] D2BS 9684: D2BS Shutdown complete.
[07/26/18 08:58:37] D2BS 15604: D2BS Shutdown complete.
[07/26/18 11:48:02] D2BS 16852: D2BS Engine startup complete. 1.5.1869
[07/26/18 13:17:43] D2BS 16852: D2BS Shutdown complete.
[07/26/18 13:40:21] D2BS 4736: D2BS Engine startup complete. 1.5.1869
[07/26/18 13:40:26] D2BS 4736: D2BS Shutdown complete.
[07/26/18 13:40:26] D2BS 19872: D2BS Engine startup complete. 1.5.1869
[07/26/18 13:40:30] D2BS 19872: D2BS Shutdown complete.
[07/26/18 13:42:24] D2BS 20492: D2BS Engine startup complete. 1.5.1869
[07/26/18 13:44:00] D2BS 11140: D2BS Engine startup complete. 1.5.1869
[07/26/18 13:44:16] D2BS 11140: D2BS Shutdown complete.
[07/26/18 13:44:53] D2BS 20492: D2BS Shutdown complete.
[07/26/18 13:47:21] D2BS 19784: D2BS Engine startup complete. 1.5.1869
[07/26/18 13:47:30] D2BS 19784: D2BS Shutdown complete.
[07/26/18 13:47:33] D2BS 16808: D2BS Engine startup complete. 1.5.1869
[07/26/18 13:47:39] D2BS 16808: D2BS Shutdown complete.
[07/26/18 13:47:46] D2BS 16472: D2BS Engine startup complete. 1.5.1869
[07/26/18 19:15:17] D2BS 16472: D2BS Shutdown complete.
